<?xml version="1.0" encoding="utf-8"?><testsuites><testsuite errors="0" failures="1" hostname="东东娃" name="pytest" skipped="0" tests="3" time="0.119" timestamp="2020-07-14T17:26:08.027628"><testcase classname="testing.test_calc" file="testing\test_calc.py" line="15" name="test_add" time="0.000"></testcase><testcase classname="testing.test_calc" file="testing\test_calc.py" line="20" name="test_add1" time="0.000"></testcase><testcase classname="testing.test_calc" file="testing\test_calc.py" line="25" name="test_div" time="0.000"><failure message="assert 2 == 1.0
  +2
  -1.0">@pytest.mark.easy
    def test_div():
        cal = Calculator()
&gt;       assert 2 == cal.div(1,1)
E       assert 2 == 1.0
E         +2
E         -1.0

test_calc.py:29: AssertionError</failure></testcase></testsuite></testsuites>